0 info it worked if it ends with ok
1 verbose cli [ '/Users/earagao/.nvm/versions/node/v0.12.14/bin/node',
1 verbose cli   '/Users/earagao/.nvm/versions/node/v0.12.14/bin/npm',
1 verbose cli   'version',
1 verbose cli   'patch' ]
2 info using npm@2.15.1
3 info using node@v0.12.14
4 info git [ 'status', '--porcelain' ]
5 verbose stack Error: Git working directory not clean.
5 verbose stack M source/jails.js
5 verbose stack M source/jails.min.js
5 verbose stack     at /Users/earagao/.nvm/versions/node/v0.12.14/lib/node_modules/npm/lib/version.js:171:21
5 verbose stack     at ChildProcess.exithandler (child_process.js:745:7)
5 verbose stack     at ChildProcess.emit (events.js:110:17)
5 verbose stack     at maybeClose (child_process.js:1019:16)
5 verbose stack     at Socket.<anonymous> (child_process.js:1190:11)
5 verbose stack     at Socket.emit (events.js:107:17)
5 verbose stack     at Pipe.close (net.js:484:11)
6 verbose cwd /Users/earagao/Sites/Jails-org/Jails
7 error Darwin 15.6.0
8 error argv "/Users/earagao/.nvm/versions/node/v0.12.14/bin/node" "/Users/earagao/.nvm/versions/node/v0.12.14/bin/npm" "version" "patch"
9 error node v0.12.14
10 error npm  v2.15.1
11 error Git working directory not clean.
11 error M source/jails.js
11 error M source/jails.min.js
12 error If you need help, you may report this error at:
12 error     <https://github.com/npm/npm/issues>
13 verbose exit [ 1, true ]
